2024-02-07 13:53:51,611 - tensorflow - WARNING - From C:\Users\Admin\Documents\My_Programming\captcha_to_text\venv\Lib\site-packages\tf2onnx\tf_loader.py:68: The name tf.reset_default_graph is deprecated. Please use tf.compat.v1.reset_default_graph instead.

2024-02-07 13:53:52,541 - tensorflow - WARNING - From C:\Users\Admin\Documents\My_Programming\captcha_to_text\venv\Lib\site-packages\tf2onnx\tf_loader.py:72: The name tf.train.import_meta_graph is deprecated. Please use tf.compat.v1.train.import_meta_graph instead.

2024-02-07 13:54:01,577 - tensorflow - WARNING - From C:\Users\Admin\Documents\My_Programming\captcha_to_text\venv\Lib\site-packages\keras\src\utils\tf_utils.py:492: The name tf.ragged.RaggedTensorValue is deprecated. Please use tf.compat.v1.ragged.RaggedTensorValue instead.

2024-02-07 13:55:58,424 - root - INFO - Epoch 0; loss: 29.560819625854492; CER: 1.3163596391677856; WER: 1.0; val_loss: 18.787317276000977; val_CER: 1.0; val_WER: 1.0
2024-02-07 13:56:57,811 - root - INFO - Epoch 1; loss: 16.6578426361084; CER: 1.0; WER: 1.0; val_loss: 16.33213996887207; val_CER: 1.0; val_WER: 1.0
2024-02-07 13:58:00,093 - root - INFO - Epoch 2; loss: 15.917749404907227; CER: 1.0; WER: 1.0; val_loss: 15.85322093963623; val_CER: 1.0; val_WER: 1.0
2024-02-07 13:58:54,662 - root - INFO - Epoch 3; loss: 15.75639533996582; CER: 1.0; WER: 1.0; val_loss: 15.699640274047852; val_CER: 1.0; val_WER: 1.0
2024-02-07 13:59:50,725 - root - INFO - Epoch 4; loss: 15.6737642288208; CER: 1.0; WER: 1.0; val_loss: 15.639091491699219; val_CER: 1.0; val_WER: 1.0
2024-02-07 14:00:43,584 - root - INFO - Epoch 5; loss: 15.63691234588623; CER: 1.0; WER: 1.0; val_loss: 15.602483749389648; val_CER: 1.0; val_WER: 1.0
2024-02-07 14:02:05,586 - root - INFO - Epoch 6; loss: 15.630321502685547; CER: 1.0; WER: 1.0; val_loss: 15.589422225952148; val_CER: 1.0; val_WER: 1.0
2024-02-07 14:02:57,954 - root - INFO - Epoch 7; loss: 15.615708351135254; CER: 1.0; WER: 1.0; val_loss: 15.5775728225708; val_CER: 1.0; val_WER: 1.0
2024-02-07 14:03:52,061 - root - INFO - Epoch 8; loss: 15.612298965454102; CER: 1.0; WER: 1.0; val_loss: 15.550457954406738; val_CER: 1.0; val_WER: 1.0
2024-02-07 14:04:45,793 - root - INFO - Epoch 9; loss: 15.620983123779297; CER: 1.0; WER: 1.0; val_loss: 15.576484680175781; val_CER: 1.0; val_WER: 1.0
2024-02-07 14:05:38,486 - root - INFO - Epoch 10; loss: 15.585965156555176; CER: 1.0; WER: 1.0; val_loss: 15.550999641418457; val_CER: 1.0; val_WER: 1.0
2024-02-07 14:06:31,483 - root - INFO - Epoch 11; loss: 15.622333526611328; CER: 1.0; WER: 1.0; val_loss: 15.56169605255127; val_CER: 1.0; val_WER: 1.0
2024-02-07 14:07:23,995 - root - INFO - Epoch 12; loss: 15.593411445617676; CER: 1.0; WER: 1.0; val_loss: 15.554107666015625; val_CER: 1.0; val_WER: 1.0
2024-02-07 14:08:16,427 - root - INFO - Epoch 13; loss: 15.600192070007324; CER: 1.0; WER: 1.0; val_loss: 15.563347816467285; val_CER: 1.0; val_WER: 1.0
2024-02-07 14:09:08,905 - root - INFO - Epoch 14; loss: 15.59048080444336; CER: 1.0; WER: 1.0; val_loss: 15.55024528503418; val_CER: 1.0; val_WER: 1.0
2024-02-07 14:10:07,498 - root - INFO - Epoch 15; loss: 15.590848922729492; CER: 1.0; WER: 1.0; val_loss: 15.56700325012207; val_CER: 1.0; val_WER: 1.0
2024-02-07 14:11:23,181 - root - INFO - Epoch 16; loss: 15.59080696105957; CER: 1.0; WER: 1.0; val_loss: 15.557740211486816; val_CER: 1.0; val_WER: 1.0
2024-02-07 14:12:45,100 - root - INFO - Epoch 17; loss: 15.582130432128906; CER: 1.0; WER: 1.0; val_loss: 15.561827659606934; val_CER: 1.0; val_WER: 1.0
2024-02-07 14:13:36,365 - root - INFO - Epoch 18; loss: 15.564842224121094; CER: 1.0; WER: 1.0; val_loss: 15.571548461914062; val_CER: 1.0; val_WER: 1.0
2024-02-07 14:14:27,781 - root - INFO - Epoch 19; loss: 15.584006309509277; CER: 1.0; WER: 1.0; val_loss: 15.582832336425781; val_CER: 1.0; val_WER: 1.0
2024-02-07 14:15:20,831 - root - INFO - Epoch 20; loss: 15.593652725219727; CER: 1.0; WER: 1.0; val_loss: 15.586847305297852; val_CER: 1.0; val_WER: 1.0
2024-02-07 14:16:12,514 - root - INFO - Epoch 21; loss: 15.57291316986084; CER: 1.0; WER: 1.0; val_loss: 15.564770698547363; val_CER: 1.0; val_WER: 1.0
2024-02-07 14:17:04,829 - root - INFO - Epoch 22; loss: 15.564194679260254; CER: 1.0; WER: 1.0; val_loss: 15.603276252746582; val_CER: 1.0; val_WER: 1.0
2024-02-07 14:17:56,585 - root - INFO - Epoch 23; loss: 15.55828857421875; CER: 1.0; WER: 1.0; val_loss: 15.59823226928711; val_CER: 1.0; val_WER: 1.0
2024-02-07 14:18:49,333 - root - INFO - Epoch 24; loss: 15.572893142700195; CER: 1.0; WER: 1.0; val_loss: 15.546196937561035; val_CER: 1.0; val_WER: 1.0
2024-02-07 14:19:50,445 - root - INFO - Epoch 25; loss: 15.542786598205566; CER: 1.0; WER: 1.0; val_loss: 15.57140064239502; val_CER: 1.0; val_WER: 1.0
2024-02-07 14:20:59,884 - root - INFO - Epoch 26; loss: 15.513988494873047; CER: 1.0; WER: 1.0; val_loss: 15.528433799743652; val_CER: 1.0; val_WER: 1.0
2024-02-07 14:22:21,874 - root - INFO - Epoch 27; loss: 15.486275672912598; CER: 1.0; WER: 1.0; val_loss: 15.491656303405762; val_CER: 1.0; val_WER: 1.0
2024-02-07 14:23:37,338 - root - INFO - Epoch 28; loss: 15.420614242553711; CER: 1.0; WER: 1.0; val_loss: 15.37596607208252; val_CER: 1.0; val_WER: 1.0
2024-02-07 14:25:03,994 - root - INFO - Epoch 29; loss: 15.329578399658203; CER: 1.0; WER: 1.0; val_loss: 15.204985618591309; val_CER: 1.0; val_WER: 1.0
2024-02-07 14:26:09,315 - root - INFO - Epoch 30; loss: 15.256030082702637; CER: 1.0; WER: 1.0; val_loss: 15.183748245239258; val_CER: 1.0; val_WER: 1.0
2024-02-07 14:27:12,859 - root - INFO - Epoch 31; loss: 15.162161827087402; CER: 0.9998193979263306; WER: 1.0; val_loss: 15.13370418548584; val_CER: 1.0; val_WER: 1.0
2024-02-07 14:28:09,776 - root - INFO - Epoch 32; loss: 15.120417594909668; CER: 0.9949439764022827; WER: 1.0; val_loss: 15.338747024536133; val_CER: 1.0; val_WER: 1.0
2024-02-07 14:29:07,177 - root - INFO - Epoch 33; loss: 15.002095222473145; CER: 0.9570242166519165; WER: 1.0; val_loss: 15.131085395812988; val_CER: 1.0; val_WER: 1.0
2024-02-07 14:30:10,954 - root - INFO - Epoch 34; loss: 14.845934867858887; CER: 0.861321747303009; WER: 1.0; val_loss: 15.067092895507812; val_CER: 0.844660222530365; val_WER: 1.0
2024-02-07 14:31:07,991 - root - INFO - Epoch 35; loss: 14.7183256149292; CER: 0.8313109874725342; WER: 1.0; val_loss: 14.779471397399902; val_CER: 0.9288025498390198; val_WER: 1.0
2024-02-07 14:32:04,207 - root - INFO - Epoch 36; loss: 14.563299179077148; CER: 0.8287107348442078; WER: 1.0; val_loss: 14.801015853881836; val_CER: 0.8478963971138; val_WER: 1.0
2024-02-07 14:33:02,990 - root - INFO - Epoch 37; loss: 14.467676162719727; CER: 0.8401950001716614; WER: 1.0; val_loss: 14.81605339050293; val_CER: 0.8608413934707642; val_WER: 1.0
2024-02-07 14:34:39,280 - root - INFO - Epoch 38; loss: 14.369120597839355; CER: 0.8344889283180237; WER: 1.0; val_loss: 14.596983909606934; val_CER: 0.8996763229370117; val_WER: 1.0
2024-02-07 14:36:12,419 - root - INFO - Epoch 39; loss: 14.30735969543457; CER: 0.8388949036598206; WER: 1.0; val_loss: 14.948223114013672; val_CER: 0.8608413338661194; val_WER: 1.0
2024-02-07 14:38:28,422 - root - INFO - Epoch 40; loss: 14.23178482055664; CER: 0.8390032649040222; WER: 1.0; val_loss: 14.667662620544434; val_CER: 0.8527507781982422; val_WER: 1.0
2024-02-07 14:40:32,486 - root - INFO - Epoch 41; loss: 14.208372116088867; CER: 0.836980938911438; WER: 1.0; val_loss: 14.771846771240234; val_CER: 0.8171520829200745; val_WER: 1.0
2024-02-07 14:41:46,907 - root - INFO - Epoch 42; loss: 14.178958892822266; CER: 0.8340194821357727; WER: 1.0; val_loss: 14.432524681091309; val_CER: 0.8106796145439148; val_WER: 1.0
2024-02-07 14:42:47,857 - root - INFO - Epoch 43; loss: 14.11788558959961; CER: 0.8353195190429688; WER: 1.0; val_loss: 13.9531888961792; val_CER: 0.818770170211792; val_WER: 1.0
2024-02-07 14:43:43,174 - root - INFO - Epoch 44; loss: 14.107538223266602; CER: 0.8224629759788513; WER: 1.0; val_loss: 14.122477531433105; val_CER: 0.8818769454956055; val_WER: 1.0
2024-02-07 14:44:34,867 - root - INFO - Epoch 45; loss: 14.006296157836914; CER: 0.816251277923584; WER: 1.0; val_loss: 13.990071296691895; val_CER: 0.893203854560852; val_WER: 1.0
2024-02-07 14:45:26,393 - root - INFO - Epoch 46; loss: 13.89884090423584; CER: 0.8121704459190369; WER: 1.0; val_loss: 13.502127647399902; val_CER: 0.8203883767127991; val_WER: 1.0
2024-02-07 14:46:19,600 - root - INFO - Epoch 47; loss: 13.804173469543457; CER: 0.8007944822311401; WER: 1.0; val_loss: 13.336294174194336; val_CER: 0.8171520829200745; val_WER: 1.0
2024-02-07 14:47:12,049 - root - INFO - Epoch 48; loss: 13.498211860656738; CER: 0.7787649631500244; WER: 1.0; val_loss: 13.539332389831543; val_CER: 0.8527507781982422; val_WER: 1.0
2024-02-07 14:48:06,322 - root - INFO - Epoch 49; loss: 13.24771499633789; CER: 0.7711809873580933; WER: 1.0; val_loss: 12.920711517333984; val_CER: 0.7977346181869507; val_WER: 1.0
2024-02-07 14:48:58,636 - root - INFO - Epoch 50; loss: 13.003999710083008; CER: 0.7582881450653076; WER: 1.0; val_loss: 12.64151382446289; val_CER: 0.822006344795227; val_WER: 1.0
2024-02-07 14:49:50,592 - root - INFO - Epoch 51; loss: 12.675527572631836; CER: 0.7445286512374878; WER: 1.0; val_loss: 12.809633255004883; val_CER: 0.8171520829200745; val_WER: 1.0
2024-02-07 14:51:14,809 - root - INFO - Epoch 52; loss: 12.403960227966309; CER: 0.7333333492279053; WER: 1.0; val_loss: 12.684447288513184; val_CER: 0.7605177760124207; val_WER: 1.0
2024-02-07 14:52:06,628 - root - INFO - Epoch 53; loss: 12.055423736572266; CER: 0.7224268317222595; WER: 1.0; val_loss: 15.200408935546875; val_CER: 0.7977346181869507; val_WER: 1.0
2024-02-07 14:52:58,280 - root - INFO - Epoch 54; loss: 11.455260276794434; CER: 0.7018418908119202; WER: 0.9989165663719177; val_loss: 19.730623245239258; val_CER: 0.8058252334594727; val_WER: 1.0
2024-02-07 14:53:50,064 - root - INFO - Epoch 55; loss: 10.917553901672363; CER: 0.682267963886261; WER: 1.0; val_loss: 11.493531227111816; val_CER: 0.7637540698051453; val_WER: 1.0
2024-02-07 14:54:52,325 - root - INFO - Epoch 56; loss: 10.367137908935547; CER: 0.659227192401886; WER: 1.0; val_loss: 12.148194313049316; val_CER: 0.7864077687263489; val_WER: 1.0
2024-02-07 14:55:56,803 - root - INFO - Epoch 57; loss: 9.828553199768066; CER: 0.6434091329574585; WER: 1.0; val_loss: 11.24357795715332; val_CER: 0.7297735214233398; val_WER: 1.0
2024-02-07 14:56:59,672 - root - INFO - Epoch 58; loss: 9.491065979003906; CER: 0.6364752650260925; WER: 0.9989165663719177; val_loss: 11.292757034301758; val_CER: 0.7443365454673767; val_WER: 1.0
2024-02-07 14:57:56,036 - root - INFO - Epoch 59; loss: 9.164953231811523; CER: 0.6207656264305115; WER: 0.9989165663719177; val_loss: 13.659008979797363; val_CER: 0.6779935359954834; val_WER: 1.0
2024-02-07 14:58:47,847 - root - INFO - Epoch 60; loss: 8.749813079833984; CER: 0.5908631086349487; WER: 0.9956663250923157; val_loss: 14.705362319946289; val_CER: 0.6860842108726501; val_WER: 1.0
2024-02-07 14:59:40,242 - root - INFO - Epoch 61; loss: 8.436408042907715; CER: 0.5843625664710999; WER: 0.9956663250923157; val_loss: 18.147811889648438; val_CER: 0.708737850189209; val_WER: 1.0
2024-02-07 15:00:32,629 - root - INFO - Epoch 62; loss: 8.185079574584961; CER: 0.5595160722732544; WER: 0.9945828914642334; val_loss: 13.424429893493652; val_CER: 0.7071197032928467; val_WER: 1.0
2024-02-07 15:01:25,066 - root - INFO - Epoch 63; loss: 7.724819183349609; CER: 0.5365474820137024; WER: 0.9934994578361511; val_loss: 14.678956985473633; val_CER: 0.6796116232872009; val_WER: 1.0
2024-02-07 15:02:46,884 - root - INFO - Epoch 64; loss: 7.578986167907715; CER: 0.5238714218139648; WER: 0.9837486743927002; val_loss: 13.181422233581543; val_CER: 0.7168284058570862; val_WER: 1.0
2024-02-07 15:03:39,353 - root - INFO - Epoch 65; loss: 7.181326866149902; CER: 0.4885518550872803; WER: 0.98591548204422; val_loss: 23.01808738708496; val_CER: 0.7831714749336243; val_WER: 1.0
2024-02-07 15:04:31,803 - root - INFO - Epoch 66; loss: 6.857523441314697; CER: 0.45489344000816345; WER: 0.9631636142730713; val_loss: 18.336437225341797; val_CER: 0.6990291476249695; val_WER: 1.0
2024-02-07 15:05:24,228 - root - INFO - Epoch 67; loss: 6.571638584136963; CER: 0.42741063237190247; WER: 0.9588298797607422; val_loss: 13.782485961914062; val_CER: 0.7394821643829346; val_WER: 1.0
2024-02-07 15:06:18,150 - root - INFO - Epoch 68; loss: 6.278961181640625; CER: 0.3985553979873657; WER: 0.9414951205253601; val_loss: 10.42447566986084; val_CER: 0.618122935295105; val_WER: 1.0
2024-02-07 15:07:10,517 - root - INFO - Epoch 69; loss: 5.983279705047607; CER: 0.3681834638118744; WER: 0.895991325378418; val_loss: 13.324570655822754; val_CER: 0.7006472945213318; val_WER: 1.0
2024-02-07 15:08:03,974 - root - INFO - Epoch 70; loss: 5.365978240966797; CER: 0.32845795154571533; WER: 0.8667389154434204; val_loss: 4.103022575378418; val_CER: 0.23786407709121704; val_WER: 0.8155339956283569
2024-02-07 15:08:55,400 - root - INFO - Epoch 71; loss: 5.294401168823242; CER: 0.32643556594848633; WER: 0.8559046387672424; val_loss: 5.078562259674072; val_CER: 0.3236246109008789; val_WER: 0.9320388436317444
2024-02-07 15:09:47,572 - root - INFO - Epoch 72; loss: 4.982099533081055; CER: 0.29996392130851746; WER: 0.8093174695968628; val_loss: 5.2539448738098145; val_CER: 0.2880259156227112; val_WER: 0.8737863898277283
2024-02-07 15:10:39,737 - root - INFO - Epoch 73; loss: 4.929598331451416; CER: 0.2888045907020569; WER: 0.7930660843849182; val_loss: 4.385794639587402; val_CER: 0.24919095635414124; val_WER: 0.8737863898277283
2024-02-07 15:11:32,405 - root - INFO - Epoch 74; loss: 4.365591526031494; CER: 0.2603105902671814; WER: 0.7670639157295227; val_loss: 9.30829906463623; val_CER: 0.5275081396102905; val_WER: 1.0
2024-02-07 15:12:27,750 - root - INFO - Epoch 75; loss: 4.0247721672058105; CER: 0.23452511429786682; WER: 0.6998916864395142; val_loss: 3.752821922302246; val_CER: 0.22006474435329437; val_WER: 0.8155339956283569
2024-02-07 15:13:20,143 - root - INFO - Epoch 76; loss: 3.865388870239258; CER: 0.22253520786762238; WER: 0.6760563254356384; val_loss: 4.797168731689453; val_CER: 0.29773464798927307; val_WER: 0.9126213788986206
2024-02-07 15:14:18,306 - root - INFO - Epoch 77; loss: 3.5172412395477295; CER: 0.20231129229068756; WER: 0.629469096660614; val_loss: 1.8872534036636353; val_CER: 0.09708739072084427; val_WER: 0.4660194218158722
2024-02-07 15:15:09,514 - root - INFO - Epoch 78; loss: 3.337397575378418; CER: 0.19523294270038605; WER: 0.6197183132171631; val_loss: 3.6430835723876953; val_CER: 0.22491911053657532; val_WER: 0.844660222530365
2024-02-07 15:16:01,324 - root - INFO - Epoch 79; loss: 3.1557767391204834; CER: 0.1764897108078003; WER: 0.5926327109336853; val_loss: 3.5132040977478027; val_CER: 0.20388349890708923; val_WER: 0.7475728392601013
2024-02-07 15:16:54,085 - root - INFO - Epoch 80; loss: 3.0400893688201904; CER: 0.17417842149734497; WER: 0.5720476508140564; val_loss: 5.148746967315674; val_CER: 0.29773464798927307; val_WER: 0.8834951519966125
2024-02-07 15:17:45,891 - root - INFO - Epoch 81; loss: 2.855457067489624; CER: 0.1551823765039444; WER: 0.5146262049674988; val_loss: 1.7061171531677246; val_CER: 0.1116504818201065; val_WER: 0.4660194218158722
2024-02-07 15:18:41,580 - root - INFO - Epoch 82; loss: 2.690037488937378; CER: 0.15120981633663177; WER: 0.5200433135032654; val_loss: 2.4500386714935303; val_CER: 0.13915857672691345; val_WER: 0.6407766938209534
2024-02-07 15:19:34,953 - root - INFO - Epoch 83; loss: 2.666888475418091; CER: 0.14745396375656128; WER: 0.501625120639801; val_loss: 0.7288506627082825; val_CER: 0.037216830998659134; val_WER: 0.19417475163936615
2024-02-07 15:20:34,274 - root - INFO - Epoch 84; loss: 2.596958637237549; CER: 0.14319249987602234; WER: 0.5027085542678833; val_loss: 0.7057836055755615; val_CER: 0.029126213863492012; val_WER: 0.1650485396385193
2024-02-07 15:21:32,365 - root - INFO - Epoch 85; loss: 2.5462636947631836; CER: 0.14247021079063416; WER: 0.5005416870117188; val_loss: 0.7378516793251038; val_CER: 0.03883495181798935; val_WER: 0.2330097109079361
2024-02-07 15:22:33,895 - root - INFO - Epoch 86; loss: 2.3445181846618652; CER: 0.1349223554134369; WER: 0.46912243962287903; val_loss: 0.3054623603820801; val_CER: 0.004854368977248669; val_WER: 0.029126213863492012
2024-02-07 15:23:36,957 - root - INFO - Epoch 87; loss: 2.1480393409729004; CER: 0.12007945030927658; WER: 0.4290357530117035; val_loss: 0.41202375292778015; val_CER: 0.012944984249770641; val_WER: 0.0776699036359787
2024-02-07 15:24:40,135 - root - INFO - Epoch 88; loss: 2.1391942501068115; CER: 0.11979054659605026; WER: 0.4290357530117035; val_loss: 0.7090439796447754; val_CER: 0.04207119718194008; val_WER: 0.24271844327449799
2024-02-07 15:25:39,023 - root - INFO - Epoch 89; loss: 2.0477821826934814; CER: 0.10863127559423447; WER: 0.42036837339401245; val_loss: 0.6216862797737122; val_CER: 0.02427184395492077; val_WER: 0.12621359527111053
2024-02-07 15:26:45,079 - root - INFO - Epoch 90; loss: 1.8826043605804443; CER: 0.10151679068803787; WER: 0.38461539149284363; val_loss: 0.2150641530752182; val_CER: 0.0032362460624426603; val_WER: 0.019417475908994675
2024-02-07 15:27:49,812 - root - INFO - Epoch 91; loss: 1.8175331354141235; CER: 0.10010835528373718; WER: 0.38894906640052795; val_loss: 0.14765946567058563; val_CER: 0.0016181230312213302; val_WER: 0.009708737954497337
2024-02-07 15:28:56,524 - root - INFO - Epoch 92; loss: 1.8312978744506836; CER: 0.09992777556180954; WER: 0.3965330421924591; val_loss: 0.33920711278915405; val_CER: 0.01779935322701931; val_WER: 0.09708737581968307
2024-02-07 15:29:58,533 - root - INFO - Epoch 93; loss: 1.7652130126953125; CER: 0.09270495176315308; WER: 0.36728060245513916; val_loss: 0.37702661752700806; val_CER: 0.014563106931746006; val_WER: 0.08737864345312119
2024-02-07 15:31:04,336 - root - INFO - Epoch 94; loss: 1.6458896398544312; CER: 0.08902131021022797; WER: 0.35211268067359924; val_loss: 0.3186662793159485; val_CER: 0.01779935322701931; val_WER: 0.10679611563682556
2024-02-07 15:32:18,107 - root - INFO - Epoch 95; loss: 1.5699063539505005; CER: 0.08566270023584366; WER: 0.3488624095916748; val_loss: 0.11595273017883301; val_CER: 0.0032362460624426603; val_WER: 0.019417475908994675
2024-02-07 15:33:12,726 - root - INFO - Epoch 96; loss: 1.617729663848877; CER: 0.08096785098314285; WER: 0.33152762055397034; val_loss: 0.16466771066188812; val_CER: 0.004854368977248669; val_WER: 0.029126213863492012
2024-02-07 15:34:04,891 - root - INFO - Epoch 97; loss: 1.448114275932312; CER: 0.0753701776266098; WER: 0.32069340348243713; val_loss: 0.23131312429904938; val_CER: 0.009708737954497337; val_WER: 0.04854368790984154
2024-02-07 15:34:57,211 - root - INFO - Epoch 98; loss: 1.476961612701416; CER: 0.07981221377849579; WER: 0.3326110541820526; val_loss: 0.35973483324050903; val_CER: 0.014563106931746006; val_WER: 0.08737864345312119
2024-02-07 15:35:49,662 - root - INFO - Epoch 99; loss: 1.4708470106124878; CER: 0.07645358890295029; WER: 0.31527626514434814; val_loss: 2.556847333908081; val_CER: 0.12135922163724899; val_WER: 0.582524299621582
2024-02-07 15:36:42,055 - root - INFO - Epoch 100; loss: 1.4352854490280151; CER: 0.07638136297464371; WER: 0.3163596987724304; val_loss: 0.3148753345012665; val_CER: 0.012944984249770641; val_WER: 0.0776699036359787
2024-02-07 15:38:11,862 - root - INFO - Epoch 101; loss: 1.266284465789795; CER: 0.0625496581196785; WER: 0.28927409648895264; val_loss: 0.2209332287311554; val_CER: 0.011326861567795277; val_WER: 0.06796116381883621
2024-02-07 15:39:11,582 - root - INFO - Epoch 102; loss: 1.2934297323226929; CER: 0.06644999235868454; WER: 0.2946912348270416; val_loss: 0.20638185739517212; val_CER: 0.008090615272521973; val_WER: 0.04854368790984154
2024-02-07 15:40:15,606 - root - INFO - Epoch 103; loss: 1.1988179683685303; CER: 0.0594799630343914; WER: 0.2741061747074127; val_loss: 0.03431062400341034; val_CER: 0.0; val_WER: 0.0
2024-02-07 15:41:13,813 - root - INFO - Epoch 104; loss: 1.2267085313796997; CER: 0.059479955583810806; WER: 0.2762730121612549; val_loss: 0.05187538266181946; val_CER: 0.0; val_WER: 0.0
2024-02-07 15:42:08,854 - root - INFO - Epoch 105; loss: 1.1588791608810425; CER: 0.05785482004284859; WER: 0.25568798184394836; val_loss: 1.7751127481460571; val_CER: 0.11003237217664719; val_WER: 0.5436893105506897
2024-02-07 15:43:06,332 - root - INFO - Epoch 106; loss: 1.1167792081832886; CER: 0.057132538408041; WER: 0.2491874396800995; val_loss: 0.31664350628852844; val_CER: 0.022653723135590553; val_WER: 0.13592232763767242
2024-02-07 15:44:03,234 - root - INFO - Epoch 107; loss: 1.0918055772781372; CER: 0.05297941341996193; WER: 0.2329360842704773; val_loss: 0.49456098675727844; val_CER: 0.030744340270757675; val_WER: 0.18446601927280426
2024-02-07 15:44:56,890 - root - INFO - Epoch 108; loss: 1.0765842199325562; CER: 0.05550740659236908; WER: 0.2546045482158661; val_loss: 0.17267975211143494; val_CER: 0.008090615272521973; val_WER: 0.04854368790984154
2024-02-07 15:45:50,524 - root - INFO - Epoch 109; loss: 1.092517375946045; CER: 0.05110148340463638; WER: 0.24485373497009277; val_loss: 1.6645588874816895; val_CER: 0.09385113418102264; val_WER: 0.49514561891555786
2024-02-07 15:46:43,942 - root - INFO - Epoch 110; loss: 1.031986951828003; CER: 0.050054170191287994; WER: 0.2329360842704773; val_loss: 0.11911850422620773; val_CER: 0.006472492124885321; val_WER: 0.03883495181798935
2024-02-07 15:47:45,963 - root - INFO - Epoch 111; loss: 1.065324306488037; CER: 0.05290718376636505; WER: 0.2383531928062439; val_loss: 0.08960772305727005; val_CER: 0.0032362460624426603; val_WER: 0.019417475908994675
2024-02-07 15:48:42,445 - root - INFO - Epoch 112; loss: 1.000701665878296; CER: 0.04954857751727104; WER: 0.22318527102470398; val_loss: 0.03340289369225502; val_CER: 0.0; val_WER: 0.0
2024-02-07 15:49:38,767 - root - INFO - Epoch 113; loss: 1.037380337715149; CER: 0.050993140786886215; WER: 0.2426868975162506; val_loss: 0.04958837106823921; val_CER: 0.0; val_WER: 0.0
2024-02-07 15:50:38,653 - root - INFO - Epoch 114; loss: 1.033249855041504; CER: 0.04821234941482544; WER: 0.23076923191547394; val_loss: 0.1556514948606491; val_CER: 0.009708737954497337; val_WER: 0.058252427726984024
2024-02-07 15:51:37,605 - root - INFO - Epoch 115; loss: 1.0329504013061523; CER: 0.05290719121694565; WER: 0.22318527102470398; val_loss: 0.21917501091957092; val_CER: 0.008090615272521973; val_WER: 0.04854368790984154
2024-02-07 15:52:33,398 - root - INFO - Epoch 116; loss: 0.9252650141716003; CER: 0.04557601734995842; WER: 0.20801733434200287; val_loss: 0.08107602596282959; val_CER: 0.004854368977248669; val_WER: 0.029126213863492012
2024-02-07 15:53:30,433 - root - INFO - Epoch 117; loss: 0.8931179642677307; CER: 0.04214518144726753; WER: 0.19826652109622955; val_loss: 0.10157112032175064; val_CER: 0.004854368977248669; val_WER: 0.029126213863492012
2024-02-07 15:54:37,300 - root - INFO - Epoch 118; loss: 0.9708534479141235; CER: 0.05175153538584709; WER: 0.2502708435058594; val_loss: 0.33394211530685425; val_CER: 0.025889968499541283; val_WER: 0.1553398072719574
2024-02-07 15:55:29,777 - root - INFO - Epoch 119; loss: 0.9363635182380676; CER: 0.04720115289092064; WER: 0.22535210847854614; val_loss: 0.494329571723938; val_CER: 0.022653721272945404; val_WER: 0.13592232763767242
2024-02-07 15:56:22,694 - root - INFO - Epoch 120; loss: 0.7632308602333069; CER: 0.0358252078294754; WER: 0.18093174695968628; val_loss: 0.03160935640335083; val_CER: 0.0; val_WER: 0.0
2024-02-07 15:57:15,123 - root - INFO - Epoch 121; loss: 0.8679942488670349; CER: 0.04351751506328583; WER: 0.2058504819869995; val_loss: 0.6463776230812073; val_CER: 0.03559871017932892; val_WER: 0.19417475163936615
2024-02-07 15:58:07,204 - root - INFO - Epoch 122; loss: 0.8520717024803162; CER: 0.04088118299841881; WER: 0.18959912657737732; val_loss: 1.6788884401321411; val_CER: 0.0663430467247963; val_WER: 0.3786407709121704
2024-02-07 15:58:59,137 - root - INFO - Epoch 123; loss: 0.8176969885826111; CER: 0.04117010161280632; WER: 0.19826652109622955; val_loss: 0.3152419924736023; val_CER: 0.012944984249770641; val_WER: 0.0776699036359787
2024-02-07 15:59:51,042 - root - INFO - Epoch 124; loss: 0.700044572353363; CER: 0.029866378754377365; WER: 0.1538461595773697; val_loss: 0.025537602603435516; val_CER: 0.0; val_WER: 0.0
2024-02-07 16:00:44,689 - root - INFO - Epoch 125; loss: 0.708620011806488; CER: 0.03474178537726402; WER: 0.1592632681131363; val_loss: 0.056101854890584946; val_CER: 0.0016181230312213302; val_WER: 0.009708737954497337
2024-02-07 16:01:37,537 - root - INFO - Epoch 126; loss: 0.6596315503120422; CER: 0.028963522985577583; WER: 0.15059588849544525; val_loss: 0.023437384516000748; val_CER: 0.0; val_WER: 0.0
2024-02-07 16:02:29,765 - root - INFO - Epoch 127; loss: 0.6657311320304871; CER: 0.030588660389184952; WER: 0.15167930722236633; val_loss: 0.04504149779677391; val_CER: 0.0; val_WER: 0.0
2024-02-07 16:03:23,663 - root - INFO - Epoch 128; loss: 0.630904495716095; CER: 0.030949804931879044; WER: 0.1581798493862152; val_loss: 0.08980285376310349; val_CER: 0.004854368977248669; val_WER: 0.029126213863492012
2024-02-07 16:04:16,282 - root - INFO - Epoch 129; loss: 0.6900978684425354; CER: 0.032574936747550964; WER: 0.16793066263198853; val_loss: 0.10813397914171219; val_CER: 0.004854368977248669; val_WER: 0.029126213863492012
2024-02-07 16:05:08,789 - root - INFO - Epoch 130; loss: 0.7297243475914001; CER: 0.036366917192935944; WER: 0.18093174695968628; val_loss: 0.02601703628897667; val_CER: 0.0; val_WER: 0.0
2024-02-07 16:06:01,940 - root - INFO - Epoch 131; loss: 0.6691703200340271; CER: 0.032033223658800125; WER: 0.16143012046813965; val_loss: 0.0454082228243351; val_CER: 0.0016181230312213302; val_WER: 0.009708737954497337
2024-02-07 16:07:22,403 - root - INFO - Epoch 132; loss: 0.6832353472709656; CER: 0.03149151802062988; WER: 0.16251353919506073; val_loss: 0.09000098705291748; val_CER: 0.0032362460624426603; val_WER: 0.019417475908994675
2024-02-07 16:08:47,773 - root - INFO - Epoch 133; loss: 0.6454129815101624; CER: 0.027157822623848915; WER: 0.13651137053966522; val_loss: 0.04518558830022812; val_CER: 0.0016181230312213302; val_WER: 0.009708737954497337
2024-02-07 16:10:37,181 - root - INFO - Epoch 134; loss: 0.5829564929008484; CER: 0.02318526618182659; WER: 0.11917659640312195; val_loss: 0.03372475877404213; val_CER: 0.0016181230312213302; val_WER: 0.009708737954497337
2024-02-07 16:11:35,095 - root - INFO - Epoch 135; loss: 0.731960654258728; CER: 0.036728061735630035; WER: 0.1852654367685318; val_loss: 4.544450759887695; val_CER: 0.15372169017791748; val_WER: 0.7184466123580933
2024-02-07 16:12:34,253 - root - INFO - Epoch 136; loss: 0.7312644124031067; CER: 0.03593355044722557; WER: 0.18418201804161072; val_loss: 0.04426504299044609; val_CER: 0.0; val_WER: 0.0
2024-02-07 16:13:40,197 - root - INFO - Epoch 137; loss: 0.6207197904586792; CER: 0.02968580462038517; WER: 0.14626218378543854; val_loss: 1.645287036895752; val_CER: 0.08252426981925964; val_WER: 0.42718446254730225
2024-02-07 16:14:39,249 - root - INFO - Epoch 138; loss: 0.6360907554626465; CER: 0.028963524848222733; WER: 0.1473456174135208; val_loss: 0.028910141438245773; val_CER: 0.0; val_WER: 0.0
2024-02-07 16:15:43,199 - root - INFO - Epoch 139; loss: 0.5562890768051147; CER: 0.023185264319181442; WER: 0.1213434487581253; val_loss: 0.02445613592863083; val_CER: 0.0; val_WER: 0.0
2024-02-07 16:16:58,629 - root - INFO - Epoch 140; loss: 0.459094762802124; CER: 0.019754426553845406; WER: 0.10292524099349976; val_loss: 0.022709684446454048; val_CER: 0.0; val_WER: 0.0
2024-02-07 16:17:54,218 - root - INFO - Epoch 141; loss: 0.5042967796325684; CER: 0.022462982684373856; WER: 0.11375948041677475; val_loss: 0.025949547067284584; val_CER: 0.0; val_WER: 0.0
2024-02-07 16:18:45,808 - root - INFO - Epoch 142; loss: 0.5578686594963074; CER: 0.026616107672452927; WER: 0.13326109945774078; val_loss: 0.027818745002150536; val_CER: 0.0; val_WER: 0.0
2024-02-07 16:19:43,013 - root - INFO - Epoch 143; loss: 0.5812995433807373; CER: 0.027338389307260513; WER: 0.13434453308582306; val_loss: 0.02312922105193138; val_CER: 0.0; val_WER: 0.0
2024-02-07 16:20:41,193 - root - INFO - Epoch 144; loss: 0.5013629794120789; CER: 0.02426869049668312; WER: 0.12784399092197418; val_loss: 0.018757421523332596; val_CER: 0.0; val_WER: 0.0
2024-02-07 16:21:41,431 - root - INFO - Epoch 145; loss: 0.5245373845100403; CER: 0.023365836590528488; WER: 0.11809317767620087; val_loss: 0.06846572458744049; val_CER: 0.0016181230312213302; val_WER: 0.009708737954497337
2024-02-07 16:22:55,102 - root - INFO - Epoch 146; loss: 0.4534868001937866; CER: 0.02011556550860405; WER: 0.10184182226657867; val_loss: 0.017130520194768906; val_CER: 0.0; val_WER: 0.0
2024-02-07 16:24:07,970 - root - INFO - Epoch 147; loss: 0.5413190126419067; CER: 0.02372697927057743; WER: 0.12567713856697083; val_loss: 0.023167410865426064; val_CER: 0.0; val_WER: 0.0
2024-02-07 16:25:33,825 - root - INFO - Epoch 148; loss: 0.4876202642917633; CER: 0.023185262456536293; WER: 0.12567713856697083; val_loss: 0.017508668825030327; val_CER: 0.0; val_WER: 0.0
2024-02-07 16:26:35,054 - root - INFO - Epoch 149; loss: 0.47442126274108887; CER: 0.02065727859735489; WER: 0.1061755120754242; val_loss: 0.01318802684545517; val_CER: 0.0; val_WER: 0.0
2024-02-07 16:27:52,880 - root - INFO - Epoch 150; loss: 0.5129340291023254; CER: 0.02174070104956627; WER: 0.10942578315734863; val_loss: 0.016363738104701042; val_CER: 0.0; val_WER: 0.0
2024-02-07 16:28:59,424 - root - INFO - Epoch 151; loss: 0.4632803797721863; CER: 0.021921271458268166; WER: 0.11267605423927307; val_loss: 0.030979350209236145; val_CER: 0.0; val_WER: 0.0
2024-02-07 16:30:04,753 - root - INFO - Epoch 152; loss: 0.495087593793869; CER: 0.023365838453173637; WER: 0.11484290659427643; val_loss: 0.025524090975522995; val_CER: 0.0; val_WER: 0.0
2024-02-07 16:31:30,976 - root - INFO - Epoch 153; loss: 0.48626819252967834; CER: 0.023907549679279327; WER: 0.12351029366254807; val_loss: 0.019078394398093224; val_CER: 0.0; val_WER: 0.0
2024-02-07 16:32:01,434 - tf2onnx.tfonnx - INFO - Using tensorflow=2.15.0, onnx=1.15.0, tf2onnx=1.16.1/15c810
2024-02-07 16:32:01,434 - tf2onnx.tfonnx - INFO - Using opset <onnx, 15>
2024-02-07 16:32:02,469 - tf2onnx.tf_utils - INFO - Computed 0 values for constant folding
2024-02-07 16:32:02,493 - tf2onnx.tf_utils - INFO - Computed 0 values for constant folding
2024-02-07 16:32:02,548 - tf2onnx.tf_utils - INFO - Computed 0 values for constant folding
2024-02-07 16:32:02,569 - tf2onnx.tf_utils - INFO - Computed 0 values for constant folding
2024-02-07 16:32:02,789 - tf2onnx.tf_utils - INFO - Computed 2 values for constant folding
2024-02-07 16:32:03,349 - tf2onnx.tfonnx - INFO - folding node using tf type=StridedSlice, name=model/bidirectional/forward_lstm/PartitionedCall/strided_slice
2024-02-07 16:32:03,349 - tf2onnx.tfonnx - INFO - folding node using tf type=StridedSlice, name=model/bidirectional/backward_lstm/PartitionedCall/strided_slice
2024-02-07 16:32:04,355 - tf2onnx.optimizer - INFO - Optimizing ONNX model
2024-02-07 16:32:08,065 - tf2onnx.optimizer - INFO - After optimization: BatchNormalization -18 (18->0), Cast -4 (11->7), Concat -4 (10->6), Const -128 (194->66), Expand -3 (4->1), Gather +2 (2->4), Identity -2 (2->0), Shape -1 (4->3), Slice -1 (5->4), Squeeze -3 (5->2), Transpose -83 (87->4), Unsqueeze -14 (17->3)
