2024-02-05 15:07:02,450 - tensorflow - WARNING - From C:\Users\Admin\Documents\My_Programming\captcha_to_text\venv\Lib\site-packages\tf2onnx\tf_loader.py:68: The name tf.reset_default_graph is deprecated. Please use tf.compat.v1.reset_default_graph instead.

2024-02-05 15:07:03,173 - tensorflow - WARNING - From C:\Users\Admin\Documents\My_Programming\captcha_to_text\venv\Lib\site-packages\tf2onnx\tf_loader.py:72: The name tf.train.import_meta_graph is deprecated. Please use tf.compat.v1.train.import_meta_graph instead.

2024-02-05 15:07:09,231 - tensorflow - WARNING - From C:\Users\Admin\Documents\My_Programming\captcha_to_text\venv\Lib\site-packages\keras\src\utils\tf_utils.py:492: The name tf.ragged.RaggedTensorValue is deprecated. Please use tf.compat.v1.ragged.RaggedTensorValue instead.

2024-02-05 15:09:16,791 - root - INFO - Epoch 0; loss: 25.994474411010742; CER: 0.8818721175193787; WER: 1.0; val_loss: 18.148853302001953; val_CER: 0.8566666841506958; val_WER: 1.0
2024-02-05 15:10:34,518 - root - INFO - Epoch 1; loss: 15.037267684936523; CER: 0.8426201939582825; WER: 1.0; val_loss: 14.121259689331055; val_CER: 0.8122221827507019; val_WER: 1.0
2024-02-05 15:11:52,072 - root - INFO - Epoch 2; loss: 13.68433666229248; CER: 0.7617632150650024; WER: 1.0; val_loss: 11.211078643798828; val_CER: 0.6644444465637207; val_WER: 1.0
2024-02-05 15:13:08,259 - root - INFO - Epoch 3; loss: 11.802080154418945; CER: 0.6773155331611633; WER: 1.0; val_loss: 8.723424911499023; val_CER: 0.5233333110809326; val_WER: 0.9933333396911621
2024-02-05 15:14:27,229 - root - INFO - Epoch 4; loss: 9.940108299255371; CER: 0.588286280632019; WER: 0.9955423474311829; val_loss: 7.638128280639648; val_CER: 0.4777778089046478; val_WER: 0.9866666793823242
2024-02-05 15:15:44,580 - root - INFO - Epoch 5; loss: 8.994427680969238; CER: 0.5256314277648926; WER: 0.9829123616218567; val_loss: 6.2175469398498535; val_CER: 0.34333333373069763; val_WER: 0.95333331823349
2024-02-05 15:17:02,904 - root - INFO - Epoch 6; loss: 7.206482887268066; CER: 0.41394251585006714; WER: 0.9569093585014343; val_loss: 3.6347484588623047; val_CER: 0.20444445312023163; val_WER: 0.7799999713897705
2024-02-05 15:18:19,736 - root - INFO - Epoch 7; loss: 6.4032440185546875; CER: 0.36874696612358093; WER: 0.9138187170028687; val_loss: 3.009117841720581; val_CER: 0.1711111068725586; val_WER: 0.6733333468437195
2024-02-05 15:19:34,714 - root - INFO - Epoch 8; loss: 5.6181960105896; CER: 0.320950984954834; WER: 0.8640416264533997; val_loss: 3.9357690811157227; val_CER: 0.22111111879348755; val_WER: 0.7733333110809326
2024-02-05 15:20:49,922 - root - INFO - Epoch 9; loss: 4.661464214324951; CER: 0.26535412669181824; WER: 0.7852897644042969; val_loss: 3.5453124046325684; val_CER: 0.18000000715255737; val_WER: 0.6866666674613953
2024-02-05 15:22:06,206 - root - INFO - Epoch 10; loss: 4.172543525695801; CER: 0.23216938972473145; WER: 0.7488855719566345; val_loss: 2.260991096496582; val_CER: 0.1344444453716278; val_WER: 0.5866666436195374
2024-02-05 15:23:21,002 - root - INFO - Epoch 11; loss: 3.8887481689453125; CER: 0.2142149657011032; WER: 0.7013372778892517; val_loss: 2.95465350151062; val_CER: 0.16222220659255981; val_WER: 0.6733333468437195
2024-02-05 15:24:37,496 - root - INFO - Epoch 12; loss: 3.4252986907958984; CER: 0.18870727717876434; WER: 0.6493313312530518; val_loss: 1.4949718713760376; val_CER: 0.06555555760860443; val_WER: 0.3266666531562805
2024-02-05 15:25:54,013 - root - INFO - Epoch 13; loss: 3.0735912322998047; CER: 0.1624566614627838; WER: 0.598068356513977; val_loss: 0.6960770487785339; val_CER: 0.02222222089767456; val_WER: 0.13333334028720856
2024-02-05 15:27:09,855 - root - INFO - Epoch 14; loss: 3.26473331451416; CER: 0.17830608785152435; WER: 0.6300148367881775; val_loss: 1.4084837436676025; val_CER: 0.052222225815057755; val_WER: 0.2866666615009308
2024-02-05 15:28:31,669 - root - INFO - Epoch 15; loss: 2.5666189193725586; CER: 0.13496780395507812; WER: 0.5074294209480286; val_loss: 0.9621308445930481; val_CER: 0.03777777776122093; val_WER: 0.2133333384990692
2024-02-05 15:29:51,304 - root - INFO - Epoch 16; loss: 2.3272507190704346; CER: 0.11874691396951675; WER: 0.46136701107025146; val_loss: 1.063034176826477; val_CER: 0.04888888821005821; val_WER: 0.25999999046325684
2024-02-05 15:31:07,063 - root - INFO - Epoch 17; loss: 2.4428110122680664; CER: 0.12407132238149643; WER: 0.4747399687767029; val_loss: 1.3510884046554565; val_CER: 0.06444444507360458; val_WER: 0.3199999928474426
2024-02-05 15:32:24,522 - root - INFO - Epoch 18; loss: 2.281435489654541; CER: 0.11614660173654556; WER: 0.46359583735466003; val_loss: 0.8884569406509399; val_CER: 0.03333333507180214; val_WER: 0.1733333319425583
2024-02-05 15:33:49,661 - root - INFO - Epoch 19; loss: 1.9335541725158691; CER: 0.10252600163221359; WER: 0.42273402214050293; val_loss: 0.663237452507019; val_CER: 0.017777778208255768; val_WER: 0.09333333373069763
2024-02-05 15:35:07,224 - root - INFO - Epoch 20; loss: 1.8887853622436523; CER: 0.097325399518013; WER: 0.3974739909172058; val_loss: 2.055976152420044; val_CER: 0.09666666388511658; val_WER: 0.5066666603088379
2024-02-05 15:36:23,359 - root - INFO - Epoch 21; loss: 2.0768113136291504; CER: 0.10475482791662216; WER: 0.42942050099372864; val_loss: 0.9975905418395996; val_CER: 0.035555556416511536; val_WER: 0.1733333319425583
2024-02-05 15:37:40,436 - root - INFO - Epoch 22; loss: 2.0506110191345215; CER: 0.10376422852277756; WER: 0.39524516463279724; val_loss: 0.5412977337837219; val_CER: 0.015555556863546371; val_WER: 0.09333333373069763
2024-02-05 15:38:56,867 - root - INFO - Epoch 23; loss: 2.0554823875427246; CER: 0.10339277237653732; WER: 0.41381871700286865; val_loss: 0.6280758380889893; val_CER: 0.023333333432674408; val_WER: 0.13333334028720856
2024-02-05 15:40:13,084 - root - INFO - Epoch 24; loss: 1.701562523841858; CER: 0.08754333853721619; WER: 0.37147101759910583; val_loss: 0.5653933882713318; val_CER: 0.02111111395061016; val_WER: 0.1133333370089531
2024-02-05 15:41:29,778 - root - INFO - Epoch 25; loss: 1.523321270942688; CER: 0.0766468495130539; WER: 0.33209508657455444; val_loss: 0.7002561092376709; val_CER: 0.028888890519738197; val_WER: 0.1599999964237213
2024-02-05 15:42:45,173 - root - INFO - Epoch 26; loss: 1.525646686553955; CER: 0.07751362025737762; WER: 0.329123318195343; val_loss: 0.6903179883956909; val_CER: 0.019999999552965164; val_WER: 0.10000000149011612
2024-02-05 15:44:00,514 - root - INFO - Epoch 27; loss: 1.5742716789245605; CER: 0.08234274387359619; WER: 0.34398216009140015; val_loss: 0.8755176067352295; val_CER: 0.024444444105029106; val_WER: 0.12666666507720947
2024-02-05 15:45:16,394 - root - INFO - Epoch 28; loss: 1.5747122764587402; CER: 0.07850419729948044; WER: 0.3380386233329773; val_loss: 0.7549523115158081; val_CER: 0.02111111208796501; val_WER: 0.1066666692495346
2024-02-05 15:46:40,991 - root - INFO - Epoch 29; loss: 1.663986086845398; CER: 0.0843239277601242; WER: 0.36627042293548584; val_loss: 2.7890117168426514; val_CER: 0.09888889640569687; val_WER: 0.4866666793823242
2024-02-05 15:47:58,514 - root - INFO - Epoch 30; loss: 1.8029570579528809; CER: 0.08803863078355789; WER: 0.3618127703666687; val_loss: 2.1471385955810547; val_CER: 0.07999999821186066; val_WER: 0.40666666626930237
2024-02-05 15:49:13,847 - root - INFO - Epoch 31; loss: 1.4249508380889893; CER: 0.07231302559375763; WER: 0.3157503604888916; val_loss: 0.8216093182563782; val_CER: 0.024444444105029106; val_WER: 0.12666666507720947
2024-02-05 15:50:29,470 - root - INFO - Epoch 32; loss: 1.4096955060958862; CER: 0.07132243365049362; WER: 0.30460622906684875; val_loss: 0.6526980400085449; val_CER: 0.023333333432674408; val_WER: 0.12666666507720947
2024-02-05 15:51:45,835 - root - INFO - Epoch 33; loss: 1.2984545230865479; CER: 0.06376919150352478; WER: 0.2882615029811859; val_loss: 4.7502522468566895; val_CER: 0.1599999964237213; val_WER: 0.6800000071525574
2024-02-05 15:53:01,960 - root - INFO - Epoch 34; loss: 1.3818880319595337; CER: 0.06983654946088791; WER: 0.32540860772132874; val_loss: 0.5871239304542542; val_CER: 0.02111111208796501; val_WER: 0.1066666692495346
2024-02-05 15:54:18,884 - root - INFO - Epoch 35; loss: 1.132008671760559; CER: 0.0569588877260685; WER: 0.26745912432670593; val_loss: 0.4377668797969818; val_CER: 0.014444445259869099; val_WER: 0.06666667014360428
2024-02-05 15:55:37,066 - root - INFO - Epoch 36; loss: 1.0809131860733032; CER: 0.054358601570129395; WER: 0.25334322452545166; val_loss: 0.4227324426174164; val_CER: 0.012222222052514553; val_WER: 0.06666667014360428
2024-02-05 15:56:54,931 - root - INFO - Epoch 37; loss: 0.9708277583122253; CER: 0.04643387719988823; WER: 0.21916790306568146; val_loss: 0.33838385343551636; val_CER: 0.01111111044883728; val_WER: 0.05999999865889549
2024-02-05 15:58:10,895 - root - INFO - Epoch 38; loss: 1.195222020149231; CER: 0.05869242176413536; WER: 0.2578008770942688; val_loss: 0.4885530173778534; val_CER: 0.015555556863546371; val_WER: 0.08666666597127914
2024-02-05 15:59:26,373 - root - INFO - Epoch 39; loss: 1.0293834209442139; CER: 0.05225358530879021; WER: 0.25037145614624023; val_loss: 0.5495474934577942; val_CER: 0.014444445259869099; val_WER: 0.06666667014360428
2024-02-05 16:00:41,621 - root - INFO - Epoch 40; loss: 0.972784698009491; CER: 0.04668153077363968; WER: 0.21396730840206146; val_loss: 0.4279686510562897; val_CER: 0.012222222052514553; val_WER: 0.0533333346247673
2024-02-05 16:01:57,402 - root - INFO - Epoch 41; loss: 1.1127249002456665; CER: 0.05274888500571251; WER: 0.2526002824306488; val_loss: 0.4049988389015198; val_CER: 0.012222222052514553; val_WER: 0.05999999865889549
2024-02-05 16:03:13,032 - root - INFO - Epoch 42; loss: 0.9865601062774658; CER: 0.04990093782544136; WER: 0.23848439753055573; val_loss: 0.9367124438285828; val_CER: 0.031111113727092743; val_WER: 0.1733333319425583
2024-02-05 16:04:28,483 - root - INFO - Epoch 43; loss: 0.8739636540412903; CER: 0.04197623208165169; WER: 0.1961366981267929; val_loss: 0.46779581904411316; val_CER: 0.014444445259869099; val_WER: 0.07333333045244217
2024-02-05 16:05:43,813 - root - INFO - Epoch 44; loss: 1.162170648574829; CER: 0.05708271637558937; WER: 0.2696879506111145; val_loss: 0.3988936245441437; val_CER: 0.01111111044883728; val_WER: 0.05999999865889549
2024-02-05 16:06:59,771 - root - INFO - Epoch 45; loss: 0.8999139666557312; CER: 0.0434621162712574; WER: 0.21545319259166718; val_loss: 0.42745596170425415; val_CER: 0.013333333656191826; val_WER: 0.06666667014360428
2024-02-05 16:08:15,286 - root - INFO - Epoch 46; loss: 0.9027449488639832; CER: 0.044947993010282516; WER: 0.2184249609708786; val_loss: 0.7999829649925232; val_CER: 0.029999999329447746; val_WER: 0.15333333611488342
2024-02-05 16:09:30,805 - root - INFO - Epoch 47; loss: 0.9099665284156799; CER: 0.04321446642279625; WER: 0.20282317698001862; val_loss: 0.4936046302318573; val_CER: 0.013333333656191826; val_WER: 0.06666667014360428
2024-02-05 16:10:48,029 - root - INFO - Epoch 48; loss: 0.7976332902908325; CER: 0.03875681757926941; WER: 0.1894502192735672; val_loss: 0.3662430942058563; val_CER: 0.010000000707805157; val_WER: 0.0533333346247673
2024-02-05 16:12:04,029 - root - INFO - Epoch 49; loss: 0.8645496368408203; CER: 0.04197622090578079; WER: 0.20208023488521576; val_loss: 0.6064847707748413; val_CER: 0.023333333432674408; val_WER: 0.13333334028720856
2024-02-05 16:13:19,460 - root - INFO - Epoch 50; loss: 0.7540210485458374; CER: 0.037394747138023376; WER: 0.19242198765277863; val_loss: 0.5398585200309753; val_CER: 0.01666666753590107; val_WER: 0.08666666597127914
2024-02-05 16:14:34,824 - root - INFO - Epoch 51; loss: 0.9178405404090881; CER: 0.043338287621736526; WER: 0.21025259792804718; val_loss: 0.42202046513557434; val_CER: 0.012222222052514553; val_WER: 0.06666667014360428
2024-02-05 16:15:59,135 - root - INFO - Epoch 52; loss: 0.7782312631607056; CER: 0.037766218185424805; WER: 0.18870727717876434; val_loss: 0.4376774728298187; val_CER: 0.009999999776482582; val_WER: 0.0533333346247673
2024-02-05 16:17:14,909 - root - INFO - Epoch 53; loss: 0.7438632845878601; CER: 0.03628033772110939; WER: 0.18647845089435577; val_loss: 0.5387997627258301; val_CER: 0.01666666753590107; val_WER: 0.09333333373069763
2024-02-05 16:18:30,700 - root - INFO - Epoch 54; loss: 1.0895683765411377; CER: 0.052872706204652786; WER: 0.25557205080986023; val_loss: 0.5607696771621704; val_CER: 0.018888890743255615; val_WER: 0.10000000149011612
2024-02-05 16:19:47,367 - root - INFO - Epoch 55; loss: 1.3910937309265137; CER: 0.06983654946088791; WER: 0.3172362446784973; val_loss: 0.9956817626953125; val_CER: 0.03333333507180214; val_WER: 0.18000000715255737
2024-02-05 16:21:13,337 - root - INFO - Epoch 56; loss: 1.006484866142273; CER: 0.05113917961716652; WER: 0.23922733962535858; val_loss: 0.4825949966907501; val_CER: 0.015555555000901222; val_WER: 0.08666666597127914
2024-02-05 16:22:28,504 - root - INFO - Epoch 57; loss: 0.8112850189208984; CER: 0.03974739834666252; WER: 0.20208023488521576; val_loss: 0.7337682843208313; val_CER: 0.02111111208796501; val_WER: 0.11999999731779099
2024-02-05 16:23:43,859 - root - INFO - Epoch 58; loss: 0.790097713470459; CER: 0.039004456251859665; WER: 0.20282317698001862; val_loss: 0.4616011679172516; val_CER: 0.011111111380159855; val_WER: 0.05999999865889549
2024-02-05 16:24:59,123 - root - INFO - Epoch 59; loss: 0.70231693983078; CER: 0.03330857306718826; WER: 0.1708766669034958; val_loss: 0.42369547486305237; val_CER: 0.009999999776482582; val_WER: 0.0533333346247673
2024-02-05 16:26:15,758 - root - INFO - Epoch 60; loss: 0.7025601863861084; CER: 0.033308565616607666; WER: 0.1723625510931015; val_loss: 0.4274429976940155; val_CER: 0.012222222052514553; val_WER: 0.05999999865889549
2024-02-05 16:27:50,709 - root - INFO - Epoch 61; loss: 0.6689920425415039; CER: 0.030460624024271965; WER: 0.15453194081783295; val_loss: 0.3582925796508789; val_CER: 0.009999998845160007; val_WER: 0.0533333346247673
2024-02-05 16:29:08,894 - root - INFO - Epoch 62; loss: 0.6190564036369324; CER: 0.02872709557414055; WER: 0.14933134615421295; val_loss: 0.34179291129112244; val_CER: 0.008888889104127884; val_WER: 0.046666666865348816
2024-02-05 16:30:28,840 - root - INFO - Epoch 63; loss: 0.6756240725517273; CER: 0.03281327337026596; WER: 0.1604754775762558; val_loss: 0.5236982107162476; val_CER: 0.012222222052514553; val_WER: 0.06666667014360428
2024-02-05 16:31:43,993 - root - INFO - Epoch 64; loss: 0.8269304037094116; CER: 0.039252106100320816; WER: 0.18647845089435577; val_loss: 3.1364004611968994; val_CER: 0.10555555671453476; val_WER: 0.47333332896232605
2024-02-05 16:32:59,294 - root - INFO - Epoch 65; loss: 0.8908538222312927; CER: 0.04408122971653938; WER: 0.21471025049686432; val_loss: 0.4285214841365814; val_CER: 0.0133333345875144; val_WER: 0.06666667014360428
2024-02-05 16:34:14,141 - root - INFO - Epoch 66; loss: 0.6775419116020203; CER: 0.034299157559871674; WER: 0.17161960899829865; val_loss: 0.4170494079589844; val_CER: 0.008888889104127884; val_WER: 0.046666666865348816
2024-02-05 16:35:29,122 - root - INFO - Epoch 67; loss: 0.6178408265113831; CER: 0.030089152976870537; WER: 0.15156017243862152; val_loss: 0.709309458732605; val_CER: 0.017777778208255768; val_WER: 0.09333333373069763
2024-02-05 16:36:44,898 - root - INFO - Epoch 68; loss: 0.8920871019363403; CER: 0.043462108820676804; WER: 0.21025259792804718; val_loss: 3.350344181060791; val_CER: 0.11777778714895248; val_WER: 0.5333333611488342
2024-02-05 16:38:00,050 - root - INFO - Epoch 69; loss: 0.9550668597221375; CER: 0.047548286616802216; WER: 0.2288261502981186; val_loss: 17.40728759765625; val_CER: 0.4855555593967438; val_WER: 0.9933333396911621
2024-02-05 16:39:24,549 - root - INFO - Epoch 70; loss: 1.0386805534362793; CER: 0.05262506380677223; WER: 0.24294205009937286; val_loss: 1.2345577478408813; val_CER: 0.041111111640930176; val_WER: 0.2199999988079071
2024-02-05 16:40:43,701 - root - INFO - Epoch 71; loss: 0.7080156207084656; CER: 0.03442298620939255; WER: 0.17013372480869293; val_loss: 0.4057985544204712; val_CER: 0.008888889104127884; val_WER: 0.046666666865348816
2024-02-05 16:41:58,671 - root - INFO - Epoch 72; loss: 0.6203723549842834; CER: 0.030832095071673393; WER: 0.15824665129184723; val_loss: 0.37723106145858765; val_CER: 0.010000000707805157; val_WER: 0.0533333346247673
2024-02-05 16:43:14,326 - root - INFO - Epoch 73; loss: 0.5527797937393188; CER: 0.025631500408053398; WER: 0.13595838844776154; val_loss: 0.3379363715648651; val_CER: 0.008888889104127884; val_WER: 0.046666666865348816
2024-02-05 16:44:29,158 - root - INFO - Epoch 74; loss: 0.6129910349845886; CER: 0.027984151616692543; WER: 0.14710251986980438; val_loss: 0.37778860330581665; val_CER: 0.009999999776482582; val_WER: 0.046666666865348816
2024-02-05 16:45:44,257 - root - INFO - Epoch 75; loss: 0.6618719100952148; CER: 0.0315750353038311; WER: 0.15824665129184723; val_loss: 0.9003552198410034; val_CER: 0.02666666731238365; val_WER: 0.13333334028720856
2024-02-05 16:47:02,923 - root - INFO - Epoch 76; loss: 0.6626073122024536; CER: 0.03306092321872711; WER: 0.16790489852428436; val_loss: 0.3276139795780182; val_CER: 0.009999999776482582; val_WER: 0.0533333346247673
2024-02-05 16:48:19,982 - root - INFO - Epoch 77; loss: 0.7347082495689392; CER: 0.03405151516199112; WER: 0.17533431947231293; val_loss: 0.45862695574760437; val_CER: 0.012222222052514553; val_WER: 0.06666667014360428
2024-02-05 16:49:34,989 - root - INFO - Epoch 78; loss: 1.3639631271362305; CER: 0.06686478108167648; WER: 0.29791975021362305; val_loss: 0.715910792350769; val_CER: 0.028888890519738197; val_WER: 0.14666666090488434
2024-02-05 16:50:49,649 - root - INFO - Epoch 79; loss: 0.7802358865737915; CER: 0.03813768923282623; WER: 0.18350668251514435; val_loss: 0.5152190923690796; val_CER: 0.013333333656191826; val_WER: 0.06666667014360428
2024-02-05 16:52:05,197 - root - INFO - Epoch 80; loss: 0.7252169847488403; CER: 0.03491828218102455; WER: 0.1775631457567215; val_loss: 0.8515220880508423; val_CER: 0.0277777798473835; val_WER: 0.15333333611488342
2024-02-05 16:53:20,644 - root - INFO - Epoch 81; loss: 0.7277442812919617; CER: 0.03541357070207596; WER: 0.1827637404203415; val_loss: 0.6316794753074646; val_CER: 0.018888890743255615; val_WER: 0.10000000149011612
2024-02-05 16:54:35,683 - root - INFO - Epoch 82; loss: 0.6139419078826904; CER: 0.029222385957837105; WER: 0.1500742882490158; val_loss: 1.095448613166809; val_CER: 0.03666666895151138; val_WER: 0.18666666746139526
2024-02-05 16:55:51,331 - root - INFO - Epoch 83; loss: 0.7393983602523804; CER: 0.03442298620939255; WER: 0.17310549318790436; val_loss: 0.5184969902038574; val_CER: 0.014444445259869099; val_WER: 0.07333333045244217
2024-02-05 16:57:06,810 - root - INFO - Epoch 84; loss: 0.7985909581184387; CER: 0.03888063132762909; WER: 0.19316492974758148; val_loss: 0.4999861717224121; val_CER: 0.01666666753590107; val_WER: 0.09333333373069763
2024-02-05 16:58:21,692 - root - INFO - Epoch 85; loss: 0.5624482035636902; CER: 0.026126792654395103; WER: 0.14115898311138153; val_loss: 0.6008255481719971; val_CER: 0.02111111208796501; val_WER: 0.1133333370089531
2024-02-05 16:59:36,215 - root - INFO - Epoch 86; loss: 0.5374807715415955; CER: 0.026622092351317406; WER: 0.1367013305425644; val_loss: 0.49941641092300415; val_CER: 0.014444445259869099; val_WER: 0.07999999821186066
2024-02-05 17:00:50,713 - root - INFO - Epoch 87; loss: 0.5010194778442383; CER: 0.024517090991139412; WER: 0.13001485168933868; val_loss: 0.6818652749061584; val_CER: 0.023333333432674408; val_WER: 0.13333334028720856
2024-02-05 17:02:05,588 - root - INFO - Epoch 88; loss: 0.8271970748901367; CER: 0.04210004583001137; WER: 0.20950965583324432; val_loss: 2.03218150138855; val_CER: 0.06777778267860413; val_WER: 0.3333333432674408
2024-02-05 17:03:21,017 - root - INFO - Epoch 89; loss: 0.7105576395988464; CER: 0.03603268787264824; WER: 0.18127785623073578; val_loss: 0.4199756979942322; val_CER: 0.008888889104127884; val_WER: 0.046666666865348816
2024-02-05 17:04:37,754 - root - INFO - Epoch 90; loss: 0.6505675911903381; CER: 0.03120356611907482; WER: 0.16344724595546722; val_loss: 1.048627257347107; val_CER: 0.03999999910593033; val_WER: 0.2199999988079071
2024-02-05 17:05:52,383 - root - INFO - Epoch 91; loss: 0.6685431003570557; CER: 0.03256562352180481; WER: 0.16864784061908722; val_loss: 0.4400857090950012; val_CER: 0.014444445259869099; val_WER: 0.07999999821186066
2024-02-05 17:07:07,789 - root - INFO - Epoch 92; loss: 0.6007055044174194; CER: 0.02649826742708683; WER: 0.13372956216335297; val_loss: 0.37363651394844055; val_CER: 0.008888889104127884; val_WER: 0.046666666865348816
2024-02-05 17:08:23,712 - root - INFO - Epoch 93; loss: 0.7092831134796143; CER: 0.03256562724709511; WER: 0.16344724595546722; val_loss: 0.45352819561958313; val_CER: 0.013333333656191826; val_WER: 0.06666667014360428
2024-02-05 17:09:38,514 - root - INFO - Epoch 94; loss: 0.5409800410270691; CER: 0.026745913550257683; WER: 0.14413075149059296; val_loss: 0.4079590439796448; val_CER: 0.009999999776482582; val_WER: 0.046666666865348816
2024-02-05 17:11:02,446 - root - INFO - Epoch 95; loss: 0.7371066808700562; CER: 0.0372709259390831; WER: 0.19019316136837006; val_loss: 0.41678670048713684; val_CER: 0.014444445259869099; val_WER: 0.07333333045244217
2024-02-05 17:12:17,237 - root - INFO - Epoch 96; loss: 0.6426485776901245; CER: 0.0315750353038311; WER: 0.1619613617658615; val_loss: 0.37787333130836487; val_CER: 0.008888889104127884; val_WER: 0.046666666865348816
2024-02-05 17:13:41,604 - root - INFO - Epoch 97; loss: 0.8405617475509644; CER: 0.0398712232708931; WER: 0.1946508139371872; val_loss: 0.7425902485847473; val_CER: 0.02111111208796501; val_WER: 0.1133333370089531
2024-02-05 17:14:56,105 - root - INFO - Epoch 98; loss: 0.8012676239013672; CER: 0.03888063505291939; WER: 0.19687964022159576; val_loss: 0.7215139269828796; val_CER: 0.02111111208796501; val_WER: 0.1133333370089531
2024-02-05 17:16:11,140 - root - INFO - Epoch 99; loss: 0.5975490808486938; CER: 0.027488859370350838; WER: 0.1419019252061844; val_loss: 0.5058399438858032; val_CER: 0.012222222052514553; val_WER: 0.06666667014360428
2024-02-05 17:17:26,619 - root - INFO - Epoch 100; loss: 0.9300540089607239; CER: 0.043709754943847656; WER: 0.21916790306568146; val_loss: 0.8166908621788025; val_CER: 0.031111113727092743; val_WER: 0.1733333319425583
2024-02-05 17:18:42,008 - root - INFO - Epoch 101; loss: 0.6194314956665039; CER: 0.03120356984436512; WER: 0.1671619564294815; val_loss: 0.5939117670059204; val_CER: 0.017777778208255768; val_WER: 0.10000000149011612
2024-02-05 17:19:56,577 - root - INFO - Epoch 102; loss: 1.1585335731506348; CER: 0.05113917589187622; WER: 0.23328380286693573; val_loss: 5.094326972961426; val_CER: 0.18666666746139526; val_WER: 0.7133333086967468
2024-02-05 17:21:11,663 - root - INFO - Epoch 103; loss: 1.1146142482757568; CER: 0.05212976410984993; WER: 0.25854381918907166; val_loss: 0.8377348184585571; val_CER: 0.03222222253680229; val_WER: 0.18000000715255737
2024-02-05 17:22:26,183 - root - INFO - Epoch 104; loss: 1.0321089029312134; CER: 0.049405645579099655; WER: 0.24517087638378143; val_loss: 1.3409940004348755; val_CER: 0.0533333346247673; val_WER: 0.30000001192092896
2024-02-05 17:23:40,870 - root - INFO - Epoch 105; loss: 0.6061617732048035; CER: 0.029470035806298256; WER: 0.1485884040594101; val_loss: 0.7366449236869812; val_CER: 0.024444444105029106; val_WER: 0.13333334028720856
2024-02-05 17:24:55,573 - root - INFO - Epoch 106; loss: 0.5814873576164246; CER: 0.02686973847448826; WER: 0.14264486730098724; val_loss: 0.37802329659461975; val_CER: 0.009999999776482582; val_WER: 0.0533333346247673
2024-02-05 17:26:10,074 - root - INFO - Epoch 107; loss: 0.49506136775016785; CER: 0.025136204436421394; WER: 0.1263001412153244; val_loss: 0.4007611572742462; val_CER: 0.01111111044883728; val_WER: 0.0533333346247673
2024-02-05 17:27:24,596 - root - INFO - Epoch 108; loss: 0.4599972069263458; CER: 0.021421493962407112; WER: 0.11812778562307358; val_loss: 0.35413411259651184; val_CER: 0.008888889104127884; val_WER: 0.046666666865348816
2024-02-05 17:28:39,587 - root - INFO - Epoch 109; loss: 0.4567945897579193; CER: 0.020926199853420258; WER: 0.11218424886465073; val_loss: 0.3466205894947052; val_CER: 0.009999999776482582; val_WER: 0.0533333346247673
2024-02-05 17:29:53,988 - root - INFO - Epoch 110; loss: 0.3884883224964142; CER: 0.018821198493242264; WER: 0.10252600163221359; val_loss: 0.40806400775909424; val_CER: 0.011111111380159855; val_WER: 0.05999999865889549
2024-02-05 17:31:08,591 - root - INFO - Epoch 111; loss: 0.46275410056114197; CER: 0.022535908967256546; WER: 0.121099554002285; val_loss: 0.4377095401287079; val_CER: 0.013333333656191826; val_WER: 0.06666667014360428
2024-02-05 17:32:23,280 - root - INFO - Epoch 112; loss: 0.45621833205223083; CER: 0.022783556953072548; WER: 0.11218424886465073; val_loss: 0.38141149282455444; val_CER: 0.009999999776482582; val_WER: 0.0533333346247673
2024-02-05 17:32:35,619 - tf2onnx.tfonnx - INFO - Using tensorflow=2.15.0, onnx=1.15.0, tf2onnx=1.16.1/15c810
2024-02-05 17:32:35,619 - tf2onnx.tfonnx - INFO - Using opset <onnx, 15>
2024-02-05 17:32:36,607 - tf2onnx.tf_utils - INFO - Computed 0 values for constant folding
2024-02-05 17:32:36,669 - tf2onnx.tf_utils - INFO - Computed 0 values for constant folding
2024-02-05 17:32:36,727 - tf2onnx.tf_utils - INFO - Computed 0 values for constant folding
2024-02-05 17:32:36,748 - tf2onnx.tf_utils - INFO - Computed 0 values for constant folding
2024-02-05 17:32:37,010 - tf2onnx.tf_utils - INFO - Computed 2 values for constant folding
2024-02-05 17:32:37,773 - tf2onnx.tfonnx - INFO - folding node using tf type=StridedSlice, name=model/bidirectional/forward_lstm/PartitionedCall/strided_slice
2024-02-05 17:32:37,811 - tf2onnx.tfonnx - INFO - folding node using tf type=StridedSlice, name=model/bidirectional/backward_lstm/PartitionedCall/strided_slice
2024-02-05 17:32:38,964 - tf2onnx.optimizer - INFO - Optimizing ONNX model
2024-02-05 17:32:43,476 - tf2onnx.optimizer - INFO - After optimization: BatchNormalization -18 (18->0), Cast -4 (11->7), Concat -4 (10->6), Const -128 (194->66), Expand -3 (4->1), Gather +2 (2->4), Identity -2 (2->0), Shape -1 (4->3), Slice -1 (5->4), Squeeze -3 (5->2), Transpose -83 (87->4), Unsqueeze -14 (17->3)
